<?xml version="1.0" encoding="UTF-8"?>
<testng-results skipped="0" failed="0" ignored="0" total="3" passed="3">
  <reporter-output>
  </reporter-output>
  <suite name="Default suite" duration-ms="31124" started-at="2020-03-25T19:59:44 PDT" finished-at="2020-03-25T20:00:15 PDT">
    <groups>
    </groups>
    <test name="Default test" duration-ms="31124" started-at="2020-03-25T19:59:44 PDT" finished-at="2020-03-25T20:00:15 PDT">
      <class name="Sin.TestPOM">
        <test-method status="PASS" signature="setup()[pri:0, instance:Sin.TestPOM@67b92f0a]" name="setup" is-config="true" duration-ms="20730" started-at="2020-03-25T19:59:44 PDT" finished-at="2020-03-25T20:00:05 PDT">
          <reporter-output>
          </reporter-output>
        </test-method> <!-- setup -->
        <test-method status="PASS" signature="Sin30()[pri:0, instance:Sin.TestPOM@67b92f0a]" name="Sin30" duration-ms="3547" started-at="2020-03-25T20:00:05 PDT" finished-at="2020-03-25T20:00:08 PDT">
          <reporter-output>
          </reporter-output>
        </test-method> <!-- Sin30 -->
        <test-method status="PASS" signature="clearInput()[pri:0, instance:Sin.TestPOM@67b92f0a]" name="clearInput" is-config="true" duration-ms="320" started-at="2020-03-25T20:00:08 PDT" finished-at="2020-03-25T20:00:09 PDT">
          <reporter-output>
          </reporter-output>
        </test-method> <!-- clearInput -->
        <test-method status="PASS" signature="Sin67()[pri:0, instance:Sin.TestPOM@67b92f0a]" name="Sin67" duration-ms="3091" started-at="2020-03-25T20:00:09 PDT" finished-at="2020-03-25T20:00:12 PDT">
          <reporter-output>
          </reporter-output>
        </test-method> <!-- Sin67 -->
        <test-method status="PASS" signature="clearInput()[pri:0, instance:Sin.TestPOM@67b92f0a]" name="clearInput" is-config="true" duration-ms="304" started-at="2020-03-25T20:00:12 PDT" finished-at="2020-03-25T20:00:12 PDT">
          <reporter-output>
          </reporter-output>
        </test-method> <!-- clearInput -->
        <test-method status="PASS" signature="Sin90()[pri:0, instance:Sin.TestPOM@67b92f0a]" name="Sin90" duration-ms="2848" started-at="2020-03-25T20:00:12 PDT" finished-at="2020-03-25T20:00:15 PDT">
          <reporter-output>
          </reporter-output>
        </test-method> <!-- Sin90 -->
        <test-method status="PASS" signature="clearInput()[pri:0, instance:Sin.TestPOM@67b92f0a]" name="clearInput" is-config="true" duration-ms="199" started-at="2020-03-25T20:00:15 PDT" finished-at="2020-03-25T20:00:15 PDT">
          <reporter-output>
          </reporter-output>
        </test-method> <!-- clearInput -->
      </class> <!-- Sin.TestPOM -->
    </test> <!-- Default test -->
  </suite> <!-- Default suite -->
</testng-results>
